{
  "RSpec": {
    "coverage": {
      "/home/ahaag/Documents/WisCARES/wiscaresRailsApp/spec/events_spec.rb": [
        1,
        1,
        null,
        1,
        1,
        1,
        1,
        1,
        1,
        null,
        null,
        null
      ],
      "/home/ahaag/Documents/WisCARES/wiscaresRailsApp/spec/rails_helper.rb": [
        null,
        1,
        1,
        null,
        1,
        1,
        1,
        null,
        null,
        1,
        1,
        null,
        null,
        null,
        null,
        null,
        null,
        null,
        null,
        null,
        null,
        null,
        null,
        null,
        null,
        null,
        null,
        null,
        null,
        1,
        null,
        1,
        null,
        1,
        null,
        null,
        null,
        null,
        1,
        null,
        null,
        null,
        null,
        null,
        null,
        null,
        null,
        null,
        null,
        null,
        null,
        null,
        null,
        1,
        null,
        null,
        1,
        null,
        null,
        null
      ],
      "/home/ahaag/Documents/WisCARES/wiscaresRailsApp/config/environment.rb": [
        null,
        1,
        null,
        null,
        1
      ],
      "/home/ahaag/Documents/WisCARES/wiscaresRailsApp/config/application.rb": [
        1,
        null,
        1,
        null,
        null,
        null,
        1,
        null,
        1,
        1,
        null,
        null,
        null,
        null,
        null,
        null,
        null,
        null,
        null,
        null,
        null,
        null,
        null,
        1,
        1,
        1,
        1,
        1,
        null,
        null,
        null,
        null,
        null
      ],
      "/home/ahaag/Documents/WisCARES/wiscaresRailsApp/config/boot.rb": [
        1,
        null,
        1
      ],
      "/home/ahaag/Documents/WisCARES/wiscaresRailsApp/config/environments/test.rb": [
        1,
        null,
        null,
        null,
        null,
        null,
        null,
        1,
        null,
        null,
        null,
        null,
        1,
        null,
        null,
        1,
        1,
        null,
        null,
        1,
        1,
        null,
        null,
        1,
        null,
        null,
        1,
        null,
        null,
        null,
        null,
        1,
        null,
        null,
        1,
        null,
        null,
        1,
        null,
        1,
        null,
        null,
        null,
        null,
        null,
        null,
        null,
        null,
        null,
        null,
        null
      ],
      "/home/ahaag/Documents/WisCARES/wiscaresRailsApp/config/initializers/active_model_serializer.rb": [
        1,
        null,
        1,
        null,
        null,
        1,
        null
      ],
      "/home/ahaag/Documents/WisCARES/wiscaresRailsApp/config/initializers/assets.rb": [
        null,
        null,
        null,
        1,
        null,
        null,
        null,
        null,
        null,
        null,
        null
      ],
      "/home/ahaag/Documents/WisCARES/wiscaresRailsApp/config/initializers/backtrace_silencers.rb": [
        null,
        null,
        null,
        null,
        null,
        null,
        null
      ],
      "/home/ahaag/Documents/WisCARES/wiscaresRailsApp/config/initializers/cookies_serializer.rb": [
        null,
        null,
        1
      ],
      "/home/ahaag/Documents/WisCARES/wiscaresRailsApp/config/initializers/devise.rb": [
        null,
        null,
        1,
        null,
        null,
        null,
        null,
        null,
        null,
        null,
        null,
        null,
        null,
        null,
        1,
        null,
        null,
        null,
        null,
        null,
        null,
        null,
        null,
        1,
        null,
        null,
        null,
        null,
        null,
        null,
        null,
        null,
        null,
        null,
        null,
        null,
        null,
        null,
        null,
        null,
        null,
        null,
        null,
        null,
        null,
        1,
        null,
        null,
        null,
        null,
        1,
        null,
        null,
        null,
        null,
        null,
        null,
        null,
        null,
        null,
        null,
        null,
        null,
        null,
        null,
        null,
        null,
        null,
        null,
        null,
        null,
        null,
        null,
        null,
        null,
        null,
        null,
        null,
        null,
        null,
        null,
        1,
        null,
        null,
        null,
        null,
        null,
        null,
        null,
        null,
        null,
        null,
        null,
        null,
        null,
        null,
        null,
        null,
        1,
        null,
        null,
        null,
        null,
        null,
        null,
        null,
        null,
        null,
        null,
        null,
        null,
        null,
        null,
        null,
        null,
        null,
        null,
        null,
        null,
        null,
        null,
        null,
        null,
        1,
        null,
        null,
        null,
        null,
        null,
        null,
        1,
        null,
        null,
        1,
        null,
        null,
        null,
        null,
        null,
        null,
        null,
        null,
        null,
        null,
        1,
        null,
        null,
        null,
        null,
        null,
        null,
        null,
        null,
        null,
        null,
        null,
        null,
        null,
        null,
        null,
        null,
        null,
        null,
        null,
        null,
        null,
        null,
        null,
        null,
        null,
        null,
        null,
        null,
        null,
        null,
        null,
        null,
        null,
        null,
        null,
        null,
        null,
        null,
        null,
        null,
        null,
        null,
        null,
        null,
        null,
        1,
        null,
        null,
        null,
        null,
        null,
        null,
        null,
        null,
        null,
        null,
        null,
        null,
        null,
        null,
        null,
        null,
        null,
        null,
        null,
        null,
        null,
        null,
        null,
        null,
        null,
        null,
        null,
        null,
        null,
        null,
        null,
        null,
        null,
        null,
        null,
        null,
        null,
        null,
        null,
        null,
        null,
        1,
        null,
        null,
        null,
        null,
        null,
        null,
        null,
        null,
        null,
        null,
        null,
        null,
        null,
        null,
        null,
        null,
        null,
        null,
        null,
        null,
        null,
        null,
        null,
        null,
        null,
        null,
        null,
        null,
        null
      ],
      "/home/ahaag/Documents/WisCARES/wiscaresRailsApp/config/initializers/filter_parameter_logging.rb": [
        null,
        null,
        null,
        1
      ],
      "/home/ahaag/Documents/WisCARES/wiscaresRailsApp/config/initializers/inflections.rb": [
        null,
        null,
        null,
        null,
        null,
        null,
        null,
        null,
        null,
        null,
        null,
        null,
        null,
        null,
        null,
        null
      ],
      "/home/ahaag/Documents/WisCARES/wiscaresRailsApp/config/initializers/mime_types.rb": [
        null,
        null,
        null,
        null
      ],
      "/home/ahaag/Documents/WisCARES/wiscaresRailsApp/config/initializers/session_store.rb": [
        null,
        null,
        1
      ],
      "/home/ahaag/Documents/WisCARES/wiscaresRailsApp/config/initializers/wrap_parameters.rb": [
        null,
        null,
        null,
        null,
        null,
        null,
        1,
        1,
        null,
        null,
        null,
        null,
        null,
        null
      ],
      "/home/ahaag/Documents/WisCARES/wiscaresRailsApp/config/routes.rb": [
        1,
        1,
        1,
        1,
        1,
        1,
        1,
        1,
        1,
        1,
        1,
        null,
        null,
        null,
        null,
        1,
        null,
        null,
        null,
        null,
        null,
        null,
        null,
        null,
        null,
        null,
        null,
        null,
        null,
        null,
        null,
        null,
        null,
        null,
        null,
        null,
        null,
        null,
        null,
        null,
        null,
        null,
        null,
        null,
        null,
        null,
        null,
        null,
        null,
        null,
        null,
        null,
        null,
        null,
        null,
        null,
        null,
        null,
        null,
        null,
        null,
        null,
        null,
        null,
        null,
        null
      ],
      "/home/ahaag/Documents/WisCARES/wiscaresRailsApp/app/models/user.rb": [
        1,
        null,
        null,
        1,
        null,
        null
      ],
      "/home/ahaag/Documents/WisCARES/wiscaresRailsApp/app/helpers/application_helper.rb": [
        1,
        null
      ],
      "/home/ahaag/Documents/WisCARES/wiscaresRailsApp/app/helpers/events_helper.rb": [
        1,
        null
      ],
      "/home/ahaag/Documents/WisCARES/wiscaresRailsApp/app/helpers/health_problems_helper.rb": [
        1,
        null
      ],
      "/home/ahaag/Documents/WisCARES/wiscaresRailsApp/app/helpers/medications_helper.rb": [
        1,
        null
      ],
      "/home/ahaag/Documents/WisCARES/wiscaresRailsApp/app/helpers/pets_helper.rb": [
        1,
        null
      ],
      "/home/ahaag/Documents/WisCARES/wiscaresRailsApp/app/helpers/reminders_helper.rb": [
        1,
        null
      ],
      "/home/ahaag/Documents/WisCARES/wiscaresRailsApp/app/helpers/users_helper.rb": [
        1,
        null
      ],
      "/home/ahaag/Documents/WisCARES/wiscaresRailsApp/app/helpers/vaccinations_helper.rb": [
        1,
        null
      ],
      "/home/ahaag/Documents/WisCARES/wiscaresRailsApp/app/helpers/vets_helper.rb": [
        1,
        null
      ],
      "/home/ahaag/Documents/WisCARES/wiscaresRailsApp/app/helpers/visits_helper.rb": [
        1,
        null
      ],
      "/home/ahaag/Documents/WisCARES/wiscaresRailsApp/app/controllers/events_controller.rb": [
        1,
        1,
        null,
        null,
        null,
        1,
        1,
        null,
        null,
        null,
        null,
        1,
        null,
        null,
        null,
        1,
        0,
        null,
        null,
        null,
        1,
        null,
        null,
        null,
        null,
        1,
        0,
        null,
        0,
        0,
        0,
        0,
        null,
        0,
        0,
        null,
        null,
        null,
        null,
        null,
        null,
        1,
        0,
        0,
        0,
        0,
        null,
        0,
        0,
        null,
        null,
        null,
        null,
        null,
        null,
        1,
        0,
        0,
        0,
        0,
        null,
        null,
        null,
        1,
        null,
        1,
        0,
        null,
        null,
        null,
        1,
        0,
        null,
        null
      ],
      "/home/ahaag/Documents/WisCARES/wiscaresRailsApp/app/controllers/application_controller.rb": [
        1,
        null,
        null,
        null,
        null
      ],
      "/home/ahaag/Documents/WisCARES/wiscaresRailsApp/spec/pets_spec.rb": [
        1,
        1,
        null,
        1,
        1,
        1,
        1,
        1,
        1,
        null,
        null,
        null,
        null,
        null,
        null,
        null,
        null,
        null,
        null,
        null,
        null,
        null,
        null,
        null,
        null
      ],
      "/home/ahaag/Documents/WisCARES/wiscaresRailsApp/app/controllers/pets_controller.rb": [
        1,
        1,
        1,
        null,
        null,
        1,
        1,
        null,
        null,
        null,
        null,
        1,
        null,
        null,
        null,
        1,
        0,
        null,
        null,
        null,
        1,
        null,
        null,
        null,
        null,
        1,
        0,
        null,
        0,
        0,
        0,
        0,
        null,
        0,
        0,
        null,
        null,
        null,
        null,
        null,
        null,
        1,
        0,
        0,
        0,
        0,
        null,
        0,
        0,
        null,
        null,
        null,
        null,
        null,
        null,
        1,
        0,
        0,
        0,
        0,
        null,
        null,
        null,
        1,
        null,
        1,
        0,
        null,
        null,
        1,
        0,
        0,
        0,
        null,
        0,
        null,
        null,
        null,
        1,
        0,
        null,
        null
      ],
      "/home/ahaag/Documents/WisCARES/wiscaresRailsApp/spec/visits_spec.rb": [
        1,
        1,
        null,
        1,
        1,
        1,
        1,
        1,
        1,
        null,
        null,
        null
      ],
      "/home/ahaag/Documents/WisCARES/wiscaresRailsApp/app/controllers/visits_controller.rb": [
        1,
        1,
        null,
        null,
        null,
        1,
        1,
        null,
        null,
        null,
        null,
        1,
        null,
        null,
        null,
        1,
        0,
        null,
        null,
        null,
        1,
        null,
        null,
        null,
        null,
        1,
        0,
        null,
        0,
        0,
        0,
        0,
        null,
        0,
        0,
        null,
        null,
        null,
        null,
        null,
        null,
        1,
        0,
        0,
        0,
        0,
        null,
        0,
        0,
        null,
        null,
        null,
        null,
        null,
        null,
        1,
        0,
        0,
        0,
        0,
        null,
        null,
        null,
        1,
        null,
        1,
        0,
        null,
        null,
        null,
        1,
        0,
        null,
        null
      ],
      "/home/ahaag/Documents/WisCARES/wiscaresRailsApp/app/models/event.rb": [
        1,
        null
      ],
      "/home/ahaag/Documents/WisCARES/wiscaresRailsApp/app/models/pet.rb": [
        1,
        1,
        null,
        null,
        null,
        null,
        null,
        null,
        1,
        null
      ],
      "/home/ahaag/Documents/WisCARES/wiscaresRailsApp/app/models/visit.rb": [
        1,
        null
      ]
    },
    "timestamp": 1447704707
  }
}
